<?xml version="1.0" encoding="UTF-8"?>
<!-- Generated by org.testng.reporters.JUnitReportReporter -->
<testsuite hostname="Lavanya" failures="0" tests="1" name="com.qa.SwagLab.testCases.TC_002_ProductListingPageTestcases" time="0.871" errors="0" timestamp="2023-03-27T21:37:47 IST" skipped="0">
  <testcase classname="com.qa.SwagLab.testCases.TC_002_ProductListingPageTestcases" name="Addtocart" time="0.871"/>
  <system-out/>
</testsuite> <!-- com.qa.SwagLab.testCases.TC_002_ProductListingPageTestcases -->
